commit 39a719a4e1f28ef5308b8d829c2a82a970225512
Author: Ahmed Ali M. Soliman <ahmed-3010@hotmail.com>
Date:   Sun Feb 23 23:52:24 2020 +0400

    who knws

commit 7a47279094cf409e2ab84d9c844deb129287b127
Author: Ahmed Ali M. Soliman <ahmed-3010@hotmail.com>
Date:   Thu Feb 6 00:48:51 2020 +0400

    build

commit 14f5c3a462929bd4e99b5604ffbb528e8cfe3b81
Author: Ahmed Ali M. Soliman <ahmed-3010@hotmail.com>
Date:   Thu Feb 6 00:45:46 2020 +0400

    building pass in linux vm

commit faa210033f10d4fd6e15e3287cf3607bdbae8c93
Author: Ahmed Ali M. Soliman <ahmed-soliman@hcl.com>
Date:   Wed Feb 5 23:53:05 2020 +0400

    CMakeLists

commit ad15add0d96f012e2bf913136fa6095aa9c104e4
Author: Ahmed Ali M. Soliman <ahmed-soliman@hcl.com>
Date:   Wed Feb 5 11:57:57 2020 +0400

    intial

commit 4e0257bf84a3bb816d3f1d7045f7c0dee512bb97
Author: Ahmed Ali M. Soliman <ahmed-soliman@hcl.com>
Date:   Wed Feb 5 11:55:28 2020 +0400

    hcl wsl development

commit 88e1e28d618acd82481de53848a344a1aa7fe86d
Merge: 6d063ec 75a6aa5
Author: Ahmed Ali M. Soliman <ahmed-soliman@hcl.com>
Date:   Wed Feb 5 02:00:01 2020 +0400

    ignore

commit 75a6aa5d6e1515afcebdc01ba043e0ca15e26061
Merge: 61952e8 1e14817
Author: Ahmed Ali M. Soliman <40831708+AhmedAliMSoliman@users.noreply.github.com>
Date:   Wed Feb 5 01:56:29 2020 +0400

    Merge pull request #2 from AhmedAliMSoliman/CleanAsUdacityStarterCode
    
    git ignore

commit 1e14817db211c0f1ed6098050414c44d3a5e150a
Author: Ahmed Ali M. Soliman <ahmed-soliman@hcl.com>
Date:   Wed Feb 5 01:53:49 2020 +0400

    git igonre

commit 61952e8fb32b0d4b7a6525072d50e5a0c2741269
Author: Ahmed Ali M. Soliman <ahmed-soliman@hcl.com>
Date:   Wed Feb 5 01:45:59 2020 +0400

    initial commit

commit 6d063ec4c66a9a3d7cd94b8506e1ee32b04a1428
Author: Ahmed Ali M. Soliman <ahmed-soliman@hcl.com>
Date:   Wed Feb 5 01:44:59 2020 +0400

    remove

commit 33e31330c398346f01c8332f58658252e0414e6b
Merge: ff0a8a3 888f1ee
Author: Ahmed Ali M. Soliman <40831708+AhmedAliMSoliman@users.noreply.github.com>
Date:   Wed Feb 5 01:43:53 2020 +0400

    Merge pull request #1 from AhmedAliMSoliman/development
    
    change in dev

commit 888f1eefed076eabb71200ecd1298fe029703087
Author: Ahmed Ali M. Soliman <ahmed-soliman@hcl.com>
Date:   Wed Feb 5 01:41:27 2020 +0400

    change in dev

commit ff0a8a3df70e0ad56807132b617cdce15b526feb
Author: Ahmed Ali M. Soliman <ahmed-soliman@hcl.com>
Date:   Wed Feb 5 01:25:44 2020 +0400

    initial commit
